<?xml version="1.0" encoding="UTF-8"?>
<!-- Generated by org.testng.reporters.JUnitReportReporter -->
<testsuite hostname="LAPTOP-RC594NRM" failures="0" tests="3" name="SeleniumFramework.tests.SubmitOrderTest" time="43.447" errors="0" timestamp="2024-05-15T08:15:45 IST" skipped="0">
  <testcase classname="SeleniumFramework.tests.SubmitOrderTest" name="SubmitOrder" time="17.513"/>
  <system-out/>
  <testcase classname="SeleniumFramework.tests.SubmitOrderTest" name="Ordervalidation" time="8.969"/>
  <system-out/>
  <testcase classname="SeleniumFramework.tests.SubmitOrderTest" name="SubmitOrder" time="16.965"/>
  <system-out/>
</testsuite> <!-- SeleniumFramework.tests.SubmitOrderTest -->
