<?xml version="1.0" encoding="UTF-8"?>
<!-- Generated by org.testng.reporters.JUnitReportReporter -->
<testsuite hostname="LAPTOP-RC594NRM" failures="0" tests="3" name="SeleniumFramework.tests.SubmitOrderTest" time="39.182" errors="0" timestamp="2024-05-12T19:52:27 IST" skipped="0">
  <testcase classname="SeleniumFramework.tests.SubmitOrderTest" name="SubmitOrder" time="17.011"/>
  <testcase classname="SeleniumFramework.tests.SubmitOrderTest" name="SubmitOrder" time="17.708"/>
  <testcase classname="SeleniumFramework.tests.SubmitOrderTest" name="Ordervalidation" time="4.463"/>
</testsuite> <!-- SeleniumFramework.tests.SubmitOrderTest -->
